-------------------------------------------------------------------------------
Test set: nadja.url_shortener.repo.IUrlRepoTest
-------------------------------------------------------------------------------
Tests run: 3, Failures: 0, Errors: 3, Skipped: 0, Time elapsed: 7.486 s <<< FAILURE! - in nadja.url_shortener.repo.IUrlRepoTest
findUrlByShortUrl  Time elapsed: 0.01 s  <<< ERROR!
java.lang.IllegalStateException: Failed to load ApplicationContext
Caused by: org.springframework.beans.factory.UnsatisfiedDependencyException: Error creating bean with name 'redirectRestController' defined in file [C:\Users\shermetev\project\Java\project_Url_shortener\URL_shortener_project\target\classes\nadja\url_shortener\controller\RedirectRestController.class]: Unsatisfied dependency expressed through constructor parameter 0; nested exception is org.springframework.beans.factory.UnsatisfiedDependencyException: Error creating bean with name 'redirectService': Unsatisfied dependency expressed through field 'statisticsProducerService'; nested exception is org.springframework.beans.factory.UnsatisfiedDependencyException: Error creating bean with name 'statisticsProducerService': Unsatisfied dependency expressed through field 'kafkaTemplate'; nested exception is org.springframework.beans.factory.BeanCreationException: Error creating bean with name 'kafkaProducerConfig': Injection of autowired dependencies failed; nested exception is java.lang.IllegalArgumentException: Could not resolve placeholder 'spring.kafka.bootstrap-servers' in value "${spring.kafka.bootstrap-servers}"
Caused by: org.springframework.beans.factory.UnsatisfiedDependencyException: Error creating bean with name 'redirectService': Unsatisfied dependency expressed through field 'statisticsProducerService'; nested exception is org.springframework.beans.factory.UnsatisfiedDependencyException: Error creating bean with name 'statisticsProducerService': Unsatisfied dependency expressed through field 'kafkaTemplate'; nested exception is org.springframework.beans.factory.BeanCreationException: Error creating bean with name 'kafkaProducerConfig': Injection of autowired dependencies failed; nested exception is java.lang.IllegalArgumentException: Could not resolve placeholder 'spring.kafka.bootstrap-servers' in value "${spring.kafka.bootstrap-servers}"
Caused by: org.springframework.beans.factory.UnsatisfiedDependencyException: Error creating bean with name 'statisticsProducerService': Unsatisfied dependency expressed through field 'kafkaTemplate'; nested exception is org.springframework.beans.factory.BeanCreationException: Error creating bean with name 'kafkaProducerConfig': Injection of autowired dependencies failed; nested exception is java.lang.IllegalArgumentException: Could not resolve placeholder 'spring.kafka.bootstrap-servers' in value "${spring.kafka.bootstrap-servers}"
Caused by: org.springframework.beans.factory.BeanCreationException: Error creating bean with name 'kafkaProducerConfig': Injection of autowired dependencies failed; nested exception is java.lang.IllegalArgumentException: Could not resolve placeholder 'spring.kafka.bootstrap-servers' in value "${spring.kafka.bootstrap-servers}"
Caused by: java.lang.IllegalArgumentException: Could not resolve placeholder 'spring.kafka.bootstrap-servers' in value "${spring.kafka.bootstrap-servers}"

getUrlByShortUrlAndExpiration_date_then_expiredLongUrl  Time elapsed: 0 s  <<< ERROR!
java.lang.IllegalStateException: Failed to load ApplicationContext
Caused by: org.springframework.beans.factory.UnsatisfiedDependencyException: Error creating bean with name 'redirectRestController' defined in file [C:\Users\shermetev\project\Java\project_Url_shortener\URL_shortener_project\target\classes\nadja\url_shortener\controller\RedirectRestController.class]: Unsatisfied dependency expressed through constructor parameter 0; nested exception is org.springframework.beans.factory.UnsatisfiedDependencyException: Error creating bean with name 'redirectService': Unsatisfied dependency expressed through field 'statisticsProducerService'; nested exception is org.springframework.beans.factory.UnsatisfiedDependencyException: Error creating bean with name 'statisticsProducerService': Unsatisfied dependency expressed through field 'kafkaTemplate'; nested exception is org.springframework.beans.factory.BeanCreationException: Error creating bean with name 'kafkaProducerConfig': Injection of autowired dependencies failed; nested exception is java.lang.IllegalArgumentException: Could not resolve placeholder 'spring.kafka.bootstrap-servers' in value "${spring.kafka.bootstrap-servers}"
Caused by: org.springframework.beans.factory.UnsatisfiedDependencyException: Error creating bean with name 'redirectService': Unsatisfied dependency expressed through field 'statisticsProducerService'; nested exception is org.springframework.beans.factory.UnsatisfiedDependencyException: Error creating bean with name 'statisticsProducerService': Unsatisfied dependency expressed through field 'kafkaTemplate'; nested exception is org.springframework.beans.factory.BeanCreationException: Error creating bean with name 'kafkaProducerConfig': Injection of autowired dependencies failed; nested exception is java.lang.IllegalArgumentException: Could not resolve placeholder 'spring.kafka.bootstrap-servers' in value "${spring.kafka.bootstrap-servers}"
Caused by: org.springframework.beans.factory.UnsatisfiedDependencyException: Error creating bean with name 'statisticsProducerService': Unsatisfied dependency expressed through field 'kafkaTemplate'; nested exception is org.springframework.beans.factory.BeanCreationException: Error creating bean with name 'kafkaProducerConfig': Injection of autowired dependencies failed; nested exception is java.lang.IllegalArgumentException: Could not resolve placeholder 'spring.kafka.bootstrap-servers' in value "${spring.kafka.bootstrap-servers}"
Caused by: org.springframework.beans.factory.BeanCreationException: Error creating bean with name 'kafkaProducerConfig': Injection of autowired dependencies failed; nested exception is java.lang.IllegalArgumentException: Could not resolve placeholder 'spring.kafka.bootstrap-servers' in value "${spring.kafka.bootstrap-servers}"
Caused by: java.lang.IllegalArgumentException: Could not resolve placeholder 'spring.kafka.bootstrap-servers' in value "${spring.kafka.bootstrap-servers}"

getUrlByShortUrlAndExpiration_date_thenOk  Time elapsed: 0.001 s  <<< ERROR!
java.lang.IllegalStateException: Failed to load ApplicationContext
Caused by: org.springframework.beans.factory.UnsatisfiedDependencyException: Error creating bean with name 'redirectRestController' defined in file [C:\Users\shermetev\project\Java\project_Url_shortener\URL_shortener_project\target\classes\nadja\url_shortener\controller\RedirectRestController.class]: Unsatisfied dependency expressed through constructor parameter 0; nested exception is org.springframework.beans.factory.UnsatisfiedDependencyException: Error creating bean with name 'redirectService': Unsatisfied dependency expressed through field 'statisticsProducerService'; nested exception is org.springframework.beans.factory.UnsatisfiedDependencyException: Error creating bean with name 'statisticsProducerService': Unsatisfied dependency expressed through field 'kafkaTemplate'; nested exception is org.springframework.beans.factory.BeanCreationException: Error creating bean with name 'kafkaProducerConfig': Injection of autowired dependencies failed; nested exception is java.lang.IllegalArgumentException: Could not resolve placeholder 'spring.kafka.bootstrap-servers' in value "${spring.kafka.bootstrap-servers}"
Caused by: org.springframework.beans.factory.UnsatisfiedDependencyException: Error creating bean with name 'redirectService': Unsatisfied dependency expressed through field 'statisticsProducerService'; nested exception is org.springframework.beans.factory.UnsatisfiedDependencyException: Error creating bean with name 'statisticsProducerService': Unsatisfied dependency expressed through field 'kafkaTemplate'; nested exception is org.springframework.beans.factory.BeanCreationException: Error creating bean with name 'kafkaProducerConfig': Injection of autowired dependencies failed; nested exception is java.lang.IllegalArgumentException: Could not resolve placeholder 'spring.kafka.bootstrap-servers' in value "${spring.kafka.bootstrap-servers}"
Caused by: org.springframework.beans.factory.UnsatisfiedDependencyException: Error creating bean with name 'statisticsProducerService': Unsatisfied dependency expressed through field 'kafkaTemplate'; nested exception is org.springframework.beans.factory.BeanCreationException: Error creating bean with name 'kafkaProducerConfig': Injection of autowired dependencies failed; nested exception is java.lang.IllegalArgumentException: Could not resolve placeholder 'spring.kafka.bootstrap-servers' in value "${spring.kafka.bootstrap-servers}"
Caused by: org.springframework.beans.factory.BeanCreationException: Error creating bean with name 'kafkaProducerConfig': Injection of autowired dependencies failed; nested exception is java.lang.IllegalArgumentException: Could not resolve placeholder 'spring.kafka.bootstrap-servers' in value "${spring.kafka.bootstrap-servers}"
Caused by: java.lang.IllegalArgumentException: Could not resolve placeholder 'spring.kafka.bootstrap-servers' in value "${spring.kafka.bootstrap-servers}"

